<?xml version="1.0" encoding="UTF-8"?><testsuite errors="1" failures="0" name="Management medical service to paciente" skipped="0" tests="1" time="27.03" timestamp="2022-04-08 08:47:07"><testcase name="Registering medical appointment"><error message="Keys to send should be a not null CharSequence" type="java.lang.IllegalArgumentException">Keys to send should be a not null CharSequence</error><system-err>Keys to send should be a not null CharSequence&#13;
co.com.reto.dto.tasks.PutPacienteInformation.performAs(PutPacienteInformation.java:28)&#13;
co.com.reto.dto.stepdefinitions.RegisterStepDefinitionsPaciente.heDoesRegisterProcessInsideTheHospitalPage(RegisterStepDefinitionsPaciente.java:41)&#13;
cucumber.runner.PickleStepDefinitionMatch.runStep(PickleStepDefinitionMatch.java:50)&#13;
cucumber.runner.TestStep.executeStep(TestStep.java:63)&#13;
cucumber.runner.TestStep.run(TestStep.java:49)&#13;
cucumber.runner.PickleStepTestStep.run(PickleStepTestStep.java:43)&#13;
cucumber.runner.TestCase.run(TestCase.java:44)&#13;
cucumber.runner.Runner.runPickle(Runner.java:40)&#13;
</system-err></testcase></testsuite>